Started GET "/members/new" for ::1 at 2016-09-29 10:51:30 +0100
  [1m[36mActiveRecord::SchemaMigration Load (0.7ms)[0m  [1m[34mSELECT "schema_migrations".* FROM "schema_migrations"[0m
Processing by MembersController#new as HTML
  [1m[36mUser Load (1.1ms)[0m  [1m[34mSELECT  "users".* FROM "users" WHERE "users"."id" = $1 ORDER BY "users"."id" ASC LIMIT $2[0m  [["id", 1], ["LIMIT", 1]]
  Rendering members/new.html.erb within layouts/application
  Rendered members/_form.html.erb (296.8ms)
  Rendered members/new.html.erb within layouts/application (315.6ms)
  Rendered shared/_flashes.html.erb (0.9ms)
Completed 200 OK in 15530ms (Views: 15373.7ms | ActiveRecord: 11.4ms)


Started GET "/members" for ::1 at 2016-09-29 10:51:58 +0100
Processing by MembersController#index as HTML
  [1m[36mUser Load (1.1ms)[0m  [1m[34mSELECT  "users".* FROM "users" WHERE "users"."id" = $1 ORDER BY "users"."id" ASC LIMIT $2[0m  [["id", 1], ["LIMIT", 1]]
  Rendering members/index.html.erb within layouts/application
  [1m[36mMember Load (1.0ms)[0m  [1m[34mSELECT "members".* FROM "members"[0m
  Rendered members/index.html.erb within layouts/application (7.2ms)
  Rendered shared/_flashes.html.erb (0.7ms)
Completed 200 OK in 72ms (Views: 49.3ms | ActiveRecord: 2.0ms)


Started GET "/members/11" for ::1 at 2016-09-29 10:52:01 +0100
Processing by MembersController#show as HTML
  Parameters: {"id"=>"11"}
  [1m[36mUser Load (1.5ms)[0m  [1m[34mSELECT  "users".* FROM "users" WHERE "users"."id" = $1 ORDER BY "users"."id" ASC LIMIT $2[0m  [["id", 1], ["LIMIT", 1]]
  [1m[36mMember Load (0.4ms)[0m  [1m[34mSELECT  "members".* FROM "members" WHERE "members"."id" = $1 LIMIT $2[0m  [["id", 11], ["LIMIT", 1]]
  Rendering members/show.html.erb within layouts/application
  [1m[36mPartnership Load (1.0ms)[0m  [1m[34mSELECT "partnerships".* FROM "partnerships" WHERE "partnerships"."member_id" = $1[0m  [["member_id", 11]]
  [1m[36mSchool Load (0.4ms)[0m  [1m[34mSELECT  "schools".* FROM "schools" WHERE "schools"."id" = $1 LIMIT $2[0m  [["id", 5], ["LIMIT", 1]]
  [1m[36mSchool Load (0.4ms)[0m  [1m[34mSELECT  "schools".* FROM "schools" WHERE "schools"."id" = $1 LIMIT $2[0m  [["id", 6], ["LIMIT", 1]]
  [1m[36mSchool Load (0.4ms)[0m  [1m[34mSELECT "schools".* FROM "schools"[0m
  Rendered members/show.html.erb within layouts/application (113.1ms)
  Rendered shared/_flashes.html.erb (0.6ms)
Completed 200 OK in 225ms (Views: 144.9ms | ActiveRecord: 15.4ms)


Started GET "/members" for ::1 at 2016-09-29 10:52:05 +0100
Processing by MembersController#index as HTML
  [1m[36mUser Load (0.5ms)[0m  [1m[34mSELECT  "users".* FROM "users" WHERE "users"."id" = $1 ORDER BY "users"."id" ASC LIMIT $2[0m  [["id", 1], ["LIMIT", 1]]
  Rendering members/index.html.erb within layouts/application
  [1m[36mMember Load (0.4ms)[0m  [1m[34mSELECT "members".* FROM "members"[0m
  Rendered members/index.html.erb within layouts/application (2.4ms)
  Rendered shared/_flashes.html.erb (0.7ms)
Completed 200 OK in 52ms (Views: 46.8ms | ActiveRecord: 0.9ms)


Started GET "/" for ::1 at 2016-09-29 10:52:13 +0100
Processing by MembersController#index as HTML
  [1m[36mUser Load (0.5ms)[0m  [1m[34mSELECT  "users".* FROM "users" WHERE "users"."id" = $1 ORDER BY "users"."id" ASC LIMIT $2[0m  [["id", 1], ["LIMIT", 1]]
  Rendering members/index.html.erb within layouts/application
  [1m[36mMember Load (0.8ms)[0m  [1m[34mSELECT "members".* FROM "members"[0m
  Rendered members/index.html.erb within layouts/application (2.8ms)
  Rendered shared/_flashes.html.erb (0.8ms)
Completed 200 OK in 57ms (Views: 51.8ms | ActiveRecord: 1.4ms)


Started GET "/members/new" for ::1 at 2016-09-29 10:52:24 +0100
Processing by MembersController#new as HTML
  [1m[36mUser Load (0.6ms)[0m  [1m[34mSELECT  "users".* FROM "users" WHERE "users"."id" = $1 ORDER BY "users"."id" ASC LIMIT $2[0m  [["id", 1], ["LIMIT", 1]]
  Rendering members/new.html.erb within layouts/application
  Rendered members/_form.html.erb (11.4ms)
  Rendered members/new.html.erb within layouts/application (14.5ms)
  Rendered shared/_flashes.html.erb (1.4ms)
Completed 200 OK in 158ms (Views: 62.8ms | ActiveRecord: 0.6ms)


Started GET "/members" for ::1 at 2016-09-29 10:52:27 +0100
Processing by MembersController#index as HTML
  [1m[36mUser Load (0.8ms)[0m  [1m[34mSELECT  "users".* FROM "users" WHERE "users"."id" = $1 ORDER BY "users"."id" ASC LIMIT $2[0m  [["id", 1], ["LIMIT", 1]]
  Rendering members/index.html.erb within layouts/application
  [1m[36mMember Load (0.4ms)[0m  [1m[34mSELECT "members".* FROM "members"[0m
  Rendered members/index.html.erb within layouts/application (2.3ms)
  Rendered shared/_flashes.html.erb (0.7ms)
Completed 200 OK in 53ms (Views: 48.1ms | ActiveRecord: 1.2ms)


Started GET "/" for ::1 at 2016-09-29 10:53:46 +0100
Started GET "/" for ::1 at 2016-09-29 10:53:46 +0100
  [1m[36mActiveRecord::SchemaMigration Load (1.2ms)[0m  [1m[34mSELECT "schema_migrations".* FROM "schema_migrations"[0m
  [1m[36mActiveRecord::SchemaMigration Load (1.3ms)[0m  [1m[34mSELECT "schema_migrations".* FROM "schema_migrations"[0m
Processing by MembersController#index as HTML
Processing by MembersController#index as HTML
  [1m[36mUser Load (1.2ms)[0m  [1m[34mSELECT  "users".* FROM "users" WHERE "users"."id" = $1 ORDER BY "users"."id" ASC LIMIT $2[0m  [["id", 1], ["LIMIT", 1]]
  [1m[36mUser Load (19.5ms)[0m  [1m[34mSELECT  "users".* FROM "users" WHERE "users"."id" = $1 ORDER BY "users"."id" ASC LIMIT $2[0m  [["id", 1], ["LIMIT", 1]]
  Rendering members/index.html.erb within layouts/application
  Rendering members/index.html.erb within layouts/application
  [1m[36mMember Load (0.7ms)[0m  [1m[34mSELECT "members".* FROM "members"[0m
  Rendered members/index.html.erb within layouts/application (44.1ms)
  [1m[36mMember Load (122.7ms)[0m  [1m[34mSELECT "members".* FROM "members"[0m
  Rendered members/index.html.erb within layouts/application (163.1ms)
  Rendered shared/_flashes.html.erb (0.8ms)
Completed 200 OK in 1230ms (Views: 980.8ms | ActiveRecord: 135.9ms)


  Rendered shared/_flashes.html.erb (0.1ms)
Completed 200 OK in 1247ms (Views: 1137.2ms | ActiveRecord: 49.0ms)


Started GET "/" for ::1 at 2016-09-29 10:54:13 +0100
  [1m[36mActiveRecord::SchemaMigration Load (0.7ms)[0m  [1m[34mSELECT "schema_migrations".* FROM "schema_migrations"[0m
Processing by MembersController#index as HTML
  [1m[36mUser Load (1.4ms)[0m  [1m[34mSELECT  "users".* FROM "users" WHERE "users"."id" = $1 ORDER BY "users"."id" ASC LIMIT $2[0m  [["id", 1], ["LIMIT", 1]]
  Rendering members/index.html.erb within layouts/application
  [1m[36mMember Load (1.7ms)[0m  [1m[34mSELECT "members".* FROM "members"[0m
  Rendered members/index.html.erb within layouts/application (32.4ms)
  Rendered shared/_flashes.html.erb (0.8ms)
Completed 200 OK in 495ms (Views: 415.1ms | ActiveRecord: 11.6ms)


Started GET "/" for ::1 at 2016-09-29 10:54:16 +0100
Processing by MembersController#index as HTML
  [1m[36mUser Load (0.5ms)[0m  [1m[34mSELECT  "users".* FROM "users" WHERE "users"."id" = $1 ORDER BY "users"."id" ASC LIMIT $2[0m  [["id", 1], ["LIMIT", 1]]
  Rendering members/index.html.erb within layouts/application
  [1m[36mMember Load (0.4ms)[0m  [1m[34mSELECT "members".* FROM "members"[0m
  Rendered members/index.html.erb within layouts/application (3.6ms)
  Rendered shared/_flashes.html.erb (0.7ms)
Completed 200 OK in 56ms (Views: 50.7ms | ActiveRecord: 0.9ms)


Started GET "/" for ::1 at 2016-09-29 10:54:23 +0100
Processing by MembersController#index as HTML
Completed 401 Unauthorized in 7ms (ActiveRecord: 0.0ms)


Started GET "/users/sign_in" for ::1 at 2016-09-29 10:54:23 +0100
Processing by Devise::SessionsController#new as HTML
  Rendering devise/sessions/new.html.erb within layouts/application
  Rendered devise/shared/_links.html.erb (2.4ms)
  Rendered devise/sessions/new.html.erb within layouts/application (213.3ms)
  Rendered shared/_flashes.html.erb (3.5ms)
Completed 200 OK in 312ms (Views: 279.1ms | ActiveRecord: 0.0ms)


Started GET "/" for ::1 at 2016-09-29 10:54:24 +0100
Processing by MembersController#index as HTML
Completed 401 Unauthorized in 1ms (ActiveRecord: 0.0ms)


Started GET "/users/sign_in" for ::1 at 2016-09-29 10:54:24 +0100
Processing by Devise::SessionsController#new as HTML
  Rendering devise/sessions/new.html.erb within layouts/application
  Rendered devise/shared/_links.html.erb (2.1ms)
  Rendered devise/sessions/new.html.erb within layouts/application (32.7ms)
  Rendered shared/_flashes.html.erb (1.1ms)
Completed 200 OK in 87ms (Views: 85.0ms | ActiveRecord: 0.0ms)


Started GET "/users/sign_in" for ::1 at 2016-09-29 10:57:38 +0100
Processing by Devise::SessionsController#new as HTML
  Rendering devise/sessions/new.html.erb within layouts/application
  Rendered devise/shared/_links.html.erb (2.5ms)
  Rendered devise/sessions/new.html.erb within layouts/application (33.8ms)
  Rendered shared/_flashes.html.erb (0.8ms)
Completed 200 OK in 100ms (Views: 97.6ms | ActiveRecord: 0.0ms)


Started GET "/users/sign_up" for ::1 at 2016-09-29 10:57:45 +0100
Processing by Devise::RegistrationsController#new as HTML
  Rendering devise/registrations/new.html.erb within layouts/application
  Rendered devise/shared/_links.html.erb (3.4ms)
  Rendered devise/registrations/new.html.erb within layouts/application (48.6ms)
  Rendered shared/_flashes.html.erb (0.8ms)
Completed 200 OK in 102ms (Views: 100.4ms | ActiveRecord: 0.0ms)


Started GET "/users/sign_in" for ::1 at 2016-09-29 10:57:47 +0100
Processing by Devise::SessionsController#new as HTML
  Rendering devise/sessions/new.html.erb within layouts/application
  Rendered devise/shared/_links.html.erb (1.8ms)
  Rendered devise/sessions/new.html.erb within layouts/application (46.0ms)
  Rendered shared/_flashes.html.erb (1.6ms)
Completed 200 OK in 109ms (Views: 106.5ms | ActiveRecord: 0.0ms)


Started GET "/users/password/new" for ::1 at 2016-09-29 10:57:50 +0100
Processing by Devise::PasswordsController#new as HTML
  Rendering devise/passwords/new.html.erb within layouts/application
  Rendered devise/shared/_links.html.erb (1.9ms)
  Rendered devise/passwords/new.html.erb within layouts/application (12.0ms)
  Rendered shared/_flashes.html.erb (0.6ms)
Completed 200 OK in 61ms (Views: 57.3ms | ActiveRecord: 0.0ms)


Started GET "/users/password/new" for ::1 at 2016-09-29 10:59:25 +0100
Processing by Devise::PasswordsController#new as HTML
  Rendering devise/passwords/new.html.erb within layouts/application
  Rendered devise/shared/_links.html.erb (1.9ms)
  Rendered devise/passwords/new.html.erb within layouts/application (10.9ms)
  Rendered shared/_flashes.html.erb (0.6ms)
Completed 200 OK in 58ms (Views: 54.7ms | ActiveRecord: 0.0ms)


Started GET "/users/sign_in" for ::1 at 2016-09-29 10:59:27 +0100
Processing by Devise::SessionsController#new as HTML
  Rendering devise/sessions/new.html.erb within layouts/application
  Rendered devise/shared/_links.html.erb (2.5ms)
  Rendered devise/sessions/new.html.erb within layouts/application (24.2ms)
  Rendered shared/_flashes.html.erb (0.8ms)
Completed 200 OK in 76ms (Views: 74.7ms | ActiveRecord: 0.0ms)


Started GET "/users/sign_up" for ::1 at 2016-09-29 10:59:29 +0100
Processing by Devise::RegistrationsController#new as HTML
  Rendering devise/registrations/new.html.erb within layouts/application
  Rendered devise/shared/_links.html.erb (1.6ms)
  Rendered devise/registrations/new.html.erb within layouts/application (26.4ms)
  Rendered shared/_flashes.html.erb (0.7ms)
Completed 200 OK in 95ms (Views: 93.4ms | ActiveRecord: 0.0ms)


Started GET "/users/sign_up" for ::1 at 2016-09-29 11:00:47 +0100
Processing by Devise::RegistrationsController#new as HTML
  Rendering devise/registrations/new.html.erb within layouts/application
  Rendered devise/shared/_links.html.erb (1.5ms)
  Rendered devise/registrations/new.html.erb within layouts/application (19.1ms)
  Rendered shared/_flashes.html.erb (0.7ms)
Completed 200 OK in 88ms (Views: 87.2ms | ActiveRecord: 0.0ms)


Started GET "/users/sign_in" for ::1 at 2016-09-29 11:00:50 +0100
Processing by Devise::SessionsController#new as HTML
  Rendering devise/sessions/new.html.erb within layouts/application
  Rendered devise/shared/_links.html.erb (1.8ms)
  Rendered devise/sessions/new.html.erb within layouts/application (23.6ms)
  Rendered shared/_flashes.html.erb (1.3ms)
Completed 200 OK in 100ms (Views: 98.2ms | ActiveRecord: 0.0ms)


Started GET "/users/sign_in" for ::1 at 2016-09-29 11:02:08 +0100
Processing by Devise::SessionsController#new as HTML
  Rendering devise/sessions/new.html.erb within layouts/application
  Rendered devise/shared/_links.html.erb (1.6ms)
  Rendered devise/sessions/new.html.erb within layouts/application (20.4ms)
  Rendered shared/_flashes.html.erb (0.8ms)
Completed 200 OK in 85ms (Views: 83.1ms | ActiveRecord: 0.0ms)


Started GET "/users/sign_up" for ::1 at 2016-09-29 11:02:10 +0100
Processing by Devise::RegistrationsController#new as HTML
  Rendering devise/registrations/new.html.erb within layouts/application
  Rendered devise/shared/_links.html.erb (1.5ms)
  Rendered devise/registrations/new.html.erb within layouts/application (15.3ms)
  Rendered shared/_flashes.html.erb (0.7ms)
Completed 200 OK in 86ms (Views: 84.8ms | ActiveRecord: 0.0ms)


Started GET "/users/sign_in" for ::1 at 2016-09-29 11:02:12 +0100
Processing by Devise::SessionsController#new as HTML
  Rendering devise/sessions/new.html.erb within layouts/application
  Rendered devise/shared/_links.html.erb (1.6ms)
  Rendered devise/sessions/new.html.erb within layouts/application (24.4ms)
  Rendered shared/_flashes.html.erb (0.7ms)
Completed 200 OK in 81ms (Views: 79.0ms | ActiveRecord: 0.0ms)


Started GET "/users/password/new" for ::1 at 2016-09-29 11:02:13 +0100
Processing by Devise::PasswordsController#new as HTML
  Rendering devise/passwords/new.html.erb within layouts/application
  Rendered devise/shared/_links.html.erb (1.8ms)
  Rendered devise/passwords/new.html.erb within layouts/application (12.6ms)
  Rendered shared/_flashes.html.erb (0.8ms)
Completed 200 OK in 96ms (Views: 66.2ms | ActiveRecord: 0.0ms)


Started GET "/users/sign_in" for ::1 at 2016-09-29 11:02:18 +0100
Processing by Devise::SessionsController#new as HTML
  Rendering devise/sessions/new.html.erb within layouts/application
  Rendered devise/shared/_links.html.erb (2.9ms)
  Rendered devise/sessions/new.html.erb within layouts/application (29.9ms)
  Rendered shared/_flashes.html.erb (0.8ms)
Completed 200 OK in 88ms (Views: 86.9ms | ActiveRecord: 0.0ms)


Started GET "/users/sign_up" for ::1 at 2016-09-29 11:02:21 +0100
Processing by Devise::RegistrationsController#new as HTML
  Rendering devise/registrations/new.html.erb within layouts/application
  Rendered devise/shared/_links.html.erb (1.5ms)
  Rendered devise/registrations/new.html.erb within layouts/application (20.1ms)
  Rendered shared/_flashes.html.erb (0.7ms)
Completed 200 OK in 75ms (Views: 74.1ms | ActiveRecord: 0.0ms)


Started GET "/members" for ::1 at 2016-09-29 20:58:07 +0100
  [1m[36mActiveRecord::SchemaMigration Load (0.6ms)[0m  [1m[34mSELECT "schema_migrations".* FROM "schema_migrations"[0m
Processing by MembersController#index as HTML
  [1m[36mUser Load (1.3ms)[0m  [1m[34mSELECT  "users".* FROM "users" WHERE "users"."id" = $1 ORDER BY "users"."id" ASC LIMIT $2[0m  [["id", 1], ["LIMIT", 1]]
  Rendering members/index.html.erb within layouts/application
  [1m[36mMember Load (1.0ms)[0m  [1m[34mSELECT "members".* FROM "members"[0m
  Rendered members/index.html.erb within layouts/application (60.1ms)
  Rendered shared/_flashes.html.erb (11.4ms)
Completed 200 OK in 1096ms (Views: 909.6ms | ActiveRecord: 15.0ms)


Started GET "/members/14" for ::1 at 2016-09-29 20:58:12 +0100
Processing by MembersController#show as HTML
  Parameters: {"id"=>"14"}
  [1m[36mUser Load (0.5ms)[0m  [1m[34mSELECT  "users".* FROM "users" WHERE "users"."id" = $1 ORDER BY "users"."id" ASC LIMIT $2[0m  [["id", 1], ["LIMIT", 1]]
  [1m[36mMember Load (0.3ms)[0m  [1m[34mSELECT  "members".* FROM "members" WHERE "members"."id" = $1 LIMIT $2[0m  [["id", 14], ["LIMIT", 1]]
  Rendering members/show.html.erb within layouts/application
  [1m[36mPartnership Load (0.5ms)[0m  [1m[34mSELECT "partnerships".* FROM "partnerships" WHERE "partnerships"."member_id" = $1[0m  [["member_id", 14]]
  [1m[36mSchool Load (0.4ms)[0m  [1m[34mSELECT  "schools".* FROM "schools" WHERE "schools"."id" = $1 LIMIT $2[0m  [["id", 5], ["LIMIT", 1]]
  [1m[36mSchool Load (0.4ms)[0m  [1m[34mSELECT "schools".* FROM "schools"[0m
  Rendered members/show.html.erb within layouts/application (322.5ms)
  Rendered shared/_flashes.html.erb (0.7ms)
Completed 200 OK in 458ms (Views: 365.1ms | ActiveRecord: 9.1ms)


Started POST "/members/14/partnerships" for ::1 at 2016-09-29 20:58:23 +0100
Processing by PartnershipsController#create as HTML
  Parameters: {"utf8"=>"✓", "authenticity_token"=>"LBn8YMnQTQg8bTVIKbotYXw6ldDlaZ2IyX1h5j7PQvw+xpk1hMlVMhd1ATBLWk+2HIt9LPA2fnxpsncYd4NXYA==", "partnership"=>{"school_id"=>"5"}, "commit"=>"Add school", "member_id"=>"14"}
  [1m[36mUser Load (2.1ms)[0m  [1m[34mSELECT  "users".* FROM "users" WHERE "users"."id" = $1 ORDER BY "users"."id" ASC LIMIT $2[0m  [["id", 1], ["LIMIT", 1]]
  [1m[36mMember Load (0.9ms)[0m  [1m[34mSELECT  "members".* FROM "members" WHERE "members"."id" = $1 LIMIT $2[0m  [["id", 14], ["LIMIT", 1]]
  [1m[35m (0.7ms)[0m  [1m[35mBEGIN[0m
  [1m[36mSchool Load (0.4ms)[0m  [1m[34mSELECT  "schools".* FROM "schools" WHERE "schools"."id" = $1 LIMIT $2[0m  [["id", 5], ["LIMIT", 1]]
  [1m[36mPartnership Exists (0.9ms)[0m  [1m[34mSELECT  1 AS one FROM "partnerships" WHERE "partnerships"."school_id" = $1 AND "partnerships"."member_id" = $2 LIMIT $3[0m  [["school_id", 5], ["member_id", 14], ["LIMIT", 1]]
  [1m[35m (0.4ms)[0m  [1m[31mROLLBACK[0m
  Rendering members/show.html.erb within layouts/application
  [1m[36mPartnership Load (0.5ms)[0m  [1m[34mSELECT "partnerships".* FROM "partnerships" WHERE "partnerships"."member_id" = $1[0m  [["member_id", 14]]
  [1m[36mSchool Load (0.4ms)[0m  [1m[34mSELECT  "schools".* FROM "schools" WHERE "schools"."id" = $1 LIMIT $2[0m  [["id", 5], ["LIMIT", 1]]
  [1m[36mSchool Load (0.4ms)[0m  [1m[34mSELECT "schools".* FROM "schools"[0m
  Rendered members/show.html.erb within layouts/application (13.8ms)
  Rendered shared/_flashes.html.erb (1.6ms)
Completed 200 OK in 124ms (Views: 63.3ms | ActiveRecord: 12.3ms)


Started POST "/members/14/partnerships" for ::1 at 2016-09-29 20:58:27 +0100
Processing by PartnershipsController#create as HTML
  Parameters: {"utf8"=>"✓", "authenticity_token"=>"6J9VIgEYjh4rA2BekHHgMQ4gfXJXcjVC0mLFqv65ddH6QDB3TAGWJAAbVCbykYLmbpGVjkIt1rZyrdNUt/VgTQ==", "partnership"=>{"school_id"=>"6"}, "commit"=>"Add school", "member_id"=>"14"}
  [1m[36mUser Load (3.2ms)[0m  [1m[34mSELECT  "users".* FROM "users" WHERE "users"."id" = $1 ORDER BY "users"."id" ASC LIMIT $2[0m  [["id", 1], ["LIMIT", 1]]
  [1m[36mMember Load (0.9ms)[0m  [1m[34mSELECT  "members".* FROM "members" WHERE "members"."id" = $1 LIMIT $2[0m  [["id", 14], ["LIMIT", 1]]
  [1m[35m (0.3ms)[0m  [1m[35mBEGIN[0m
  [1m[36mSchool Load (0.5ms)[0m  [1m[34mSELECT  "schools".* FROM "schools" WHERE "schools"."id" = $1 LIMIT $2[0m  [["id", 6], ["LIMIT", 1]]
  [1m[36mPartnership Exists (0.7ms)[0m  [1m[34mSELECT  1 AS one FROM "partnerships" WHERE "partnerships"."school_id" = $1 AND "partnerships"."member_id" = $2 LIMIT $3[0m  [["school_id", 6], ["member_id", 14], ["LIMIT", 1]]
  [1m[35mSQL (27.1ms)[0m  [1m[32mINSERT INTO "partnerships" ("member_id", "school_id") VALUES ($1, $2) RETURNING "id"[0m  [["member_id", 14], ["school_id", 6]]
  [1m[35m (23.8ms)[0m  [1m[35mCOMMIT[0m
Redirected to http://localhost:3000/members/14
Completed 302 Found in 71ms (ActiveRecord: 56.4ms)


Started GET "/members/14" for ::1 at 2016-09-29 20:58:27 +0100
Processing by MembersController#show as HTML
  Parameters: {"id"=>"14"}
  [1m[36mUser Load (0.6ms)[0m  [1m[34mSELECT  "users".* FROM "users" WHERE "users"."id" = $1 ORDER BY "users"."id" ASC LIMIT $2[0m  [["id", 1], ["LIMIT", 1]]
  [1m[36mMember Load (0.3ms)[0m  [1m[34mSELECT  "members".* FROM "members" WHERE "members"."id" = $1 LIMIT $2[0m  [["id", 14], ["LIMIT", 1]]
  Rendering members/show.html.erb within layouts/application
  [1m[36mPartnership Load (0.3ms)[0m  [1m[34mSELECT "partnerships".* FROM "partnerships" WHERE "partnerships"."member_id" = $1[0m  [["member_id", 14]]
  [1m[36mSchool Load (0.4ms)[0m  [1m[34mSELECT  "schools".* FROM "schools" WHERE "schools"."id" = $1 LIMIT $2[0m  [["id", 5], ["LIMIT", 1]]
  [1m[36mSchool Load (4.1ms)[0m  [1m[34mSELECT  "schools".* FROM "schools" WHERE "schools"."id" = $1 LIMIT $2[0m  [["id", 6], ["LIMIT", 1]]
  [1m[36mSchool Load (0.6ms)[0m  [1m[34mSELECT "schools".* FROM "schools"[0m
  Rendered members/show.html.erb within layouts/application (20.8ms)
  Rendered shared/_flashes.html.erb (0.9ms)
Completed 200 OK in 69ms (Views: 57.0ms | ActiveRecord: 6.3ms)


Started GET "/members" for ::1 at 2016-09-29 20:58:28 +0100
Processing by MembersController#index as HTML
  [1m[36mUser Load (0.5ms)[0m  [1m[34mSELECT  "users".* FROM "users" WHERE "users"."id" = $1 ORDER BY "users"."id" ASC LIMIT $2[0m  [["id", 1], ["LIMIT", 1]]
  Rendering members/index.html.erb within layouts/application
  [1m[36mMember Load (0.4ms)[0m  [1m[34mSELECT "members".* FROM "members"[0m
  Rendered members/index.html.erb within layouts/application (3.0ms)
  Rendered shared/_flashes.html.erb (0.6ms)
Completed 200 OK in 75ms (Views: 47.3ms | ActiveRecord: 1.0ms)


Started GET "/members/14" for ::1 at 2016-09-29 20:58:30 +0100
Processing by MembersController#show as HTML
  Parameters: {"id"=>"14"}
  [1m[36mUser Load (0.6ms)[0m  [1m[34mSELECT  "users".* FROM "users" WHERE "users"."id" = $1 ORDER BY "users"."id" ASC LIMIT $2[0m  [["id", 1], ["LIMIT", 1]]
  [1m[36mMember Load (0.8ms)[0m  [1m[34mSELECT  "members".* FROM "members" WHERE "members"."id" = $1 LIMIT $2[0m  [["id", 14], ["LIMIT", 1]]
  Rendering members/show.html.erb within layouts/application
  [1m[36mPartnership Load (0.4ms)[0m  [1m[34mSELECT "partnerships".* FROM "partnerships" WHERE "partnerships"."member_id" = $1[0m  [["member_id", 14]]
  [1m[36mSchool Load (0.3ms)[0m  [1m[34mSELECT  "schools".* FROM "schools" WHERE "schools"."id" = $1 LIMIT $2[0m  [["id", 5], ["LIMIT", 1]]
  [1m[36mSchool Load (0.3ms)[0m  [1m[34mSELECT  "schools".* FROM "schools" WHERE "schools"."id" = $1 LIMIT $2[0m  [["id", 6], ["LIMIT", 1]]
  [1m[36mSchool Load (0.4ms)[0m  [1m[34mSELECT "schools".* FROM "schools"[0m
  Rendered members/show.html.erb within layouts/application (13.8ms)
  Rendered shared/_flashes.html.erb (0.7ms)
Completed 200 OK in 70ms (Views: 60.4ms | ActiveRecord: 2.7ms)


Started GET "/members" for ::1 at 2016-09-29 20:58:33 +0100
Processing by MembersController#index as HTML
  [1m[36mUser Load (0.5ms)[0m  [1m[34mSELECT  "users".* FROM "users" WHERE "users"."id" = $1 ORDER BY "users"."id" ASC LIMIT $2[0m  [["id", 1], ["LIMIT", 1]]
  Rendering members/index.html.erb within layouts/application
  [1m[36mMember Load (0.4ms)[0m  [1m[34mSELECT "members".* FROM "members"[0m
  Rendered members/index.html.erb within layouts/application (2.8ms)
  Rendered shared/_flashes.html.erb (0.9ms)
Completed 200 OK in 73ms (Views: 66.9ms | ActiveRecord: 1.0ms)


Started GET "/members/12" for ::1 at 2016-09-29 20:58:36 +0100
Processing by MembersController#show as HTML
  Parameters: {"id"=>"12"}
  [1m[36mUser Load (1.0ms)[0m  [1m[34mSELECT  "users".* FROM "users" WHERE "users"."id" = $1 ORDER BY "users"."id" ASC LIMIT $2[0m  [["id", 1], ["LIMIT", 1]]
  [1m[36mMember Load (0.7ms)[0m  [1m[34mSELECT  "members".* FROM "members" WHERE "members"."id" = $1 LIMIT $2[0m  [["id", 12], ["LIMIT", 1]]
  Rendering members/show.html.erb within layouts/application
  [1m[36mPartnership Load (0.4ms)[0m  [1m[34mSELECT "partnerships".* FROM "partnerships" WHERE "partnerships"."member_id" = $1[0m  [["member_id", 12]]
  [1m[36mSchool Load (0.4ms)[0m  [1m[34mSELECT  "schools".* FROM "schools" WHERE "schools"."id" = $1 LIMIT $2[0m  [["id", 5], ["LIMIT", 1]]
  [1m[36mSchool Load (0.6ms)[0m  [1m[34mSELECT  "schools".* FROM "schools" WHERE "schools"."id" = $1 LIMIT $2[0m  [["id", 6], ["LIMIT", 1]]
  [1m[36mSchool Load (0.8ms)[0m  [1m[34mSELECT "schools".* FROM "schools"[0m
  Rendered members/show.html.erb within layouts/application (23.1ms)
  Rendered shared/_flashes.html.erb (0.7ms)
Completed 200 OK in 79ms (Views: 68.5ms | ActiveRecord: 3.9ms)


Started GET "/members" for ::1 at 2016-09-29 20:58:38 +0100
Processing by MembersController#index as HTML
  [1m[36mUser Load (0.5ms)[0m  [1m[34mSELECT  "users".* FROM "users" WHERE "users"."id" = $1 ORDER BY "users"."id" ASC LIMIT $2[0m  [["id", 1], ["LIMIT", 1]]
  Rendering members/index.html.erb within layouts/application
  [1m[36mMember Load (0.4ms)[0m  [1m[34mSELECT "members".* FROM "members"[0m
  Rendered members/index.html.erb within layouts/application (3.0ms)
  Rendered shared/_flashes.html.erb (0.7ms)
Completed 200 OK in 61ms (Views: 53.6ms | ActiveRecord: 1.0ms)


Started GET "/members/13" for ::1 at 2016-09-29 20:58:39 +0100
Processing by MembersController#show as HTML
  Parameters: {"id"=>"13"}
  [1m[36mUser Load (1.0ms)[0m  [1m[34mSELECT  "users".* FROM "users" WHERE "users"."id" = $1 ORDER BY "users"."id" ASC LIMIT $2[0m  [["id", 1], ["LIMIT", 1]]
  [1m[36mMember Load (1.0ms)[0m  [1m[34mSELECT  "members".* FROM "members" WHERE "members"."id" = $1 LIMIT $2[0m  [["id", 13], ["LIMIT", 1]]
  Rendering members/show.html.erb within layouts/application
  [1m[36mPartnership Load (0.4ms)[0m  [1m[34mSELECT "partnerships".* FROM "partnerships" WHERE "partnerships"."member_id" = $1[0m  [["member_id", 13]]
  [1m[36mSchool Load (0.2ms)[0m  [1m[34mSELECT  "schools".* FROM "schools" WHERE "schools"."id" = $1 LIMIT $2[0m  [["id", 6], ["LIMIT", 1]]
  [1m[36mSchool Load (0.2ms)[0m  [1m[34mSELECT  "schools".* FROM "schools" WHERE "schools"."id" = $1 LIMIT $2[0m  [["id", 5], ["LIMIT", 1]]
  [1m[36mSchool Load (0.4ms)[0m  [1m[34mSELECT "schools".* FROM "schools"[0m
  Rendered members/show.html.erb within layouts/application (13.6ms)
  Rendered shared/_flashes.html.erb (0.6ms)
Completed 200 OK in 71ms (Views: 60.6ms | ActiveRecord: 3.2ms)


Started GET "/schools/6" for ::1 at 2016-09-29 20:58:41 +0100
Processing by SchoolsController#show as HTML
  Parameters: {"id"=>"6"}
  [1m[36mUser Load (0.5ms)[0m  [1m[34mSELECT  "users".* FROM "users" WHERE "users"."id" = $1 ORDER BY "users"."id" ASC LIMIT $2[0m  [["id", 1], ["LIMIT", 1]]
  [1m[36mSchool Load (0.4ms)[0m  [1m[34mSELECT  "schools".* FROM "schools" WHERE "schools"."id" = $1 LIMIT $2[0m  [["id", 6], ["LIMIT", 1]]
  Rendering schools/show.html.erb within layouts/application
  [1m[36mMember Load (0.5ms)[0m  [1m[34mSELECT "members".* FROM "members" INNER JOIN "partnerships" ON "members"."id" = "partnerships"."member_id" WHERE "partnerships"."school_id" = $1[0m  [["school_id", 6]]
  Rendered schools/show.html.erb within layouts/application (32.2ms)
  Rendered shared/_flashes.html.erb (0.8ms)
Completed 200 OK in 95ms (Views: 87.0ms | ActiveRecord: 1.4ms)


Started GET "/members" for ::1 at 2016-09-29 20:58:43 +0100
Processing by MembersController#index as HTML
  [1m[36mUser Load (0.5ms)[0m  [1m[34mSELECT  "users".* FROM "users" WHERE "users"."id" = $1 ORDER BY "users"."id" ASC LIMIT $2[0m  [["id", 1], ["LIMIT", 1]]
  Rendering members/index.html.erb within layouts/application
  [1m[36mMember Load (0.4ms)[0m  [1m[34mSELECT "members".* FROM "members"[0m
  Rendered members/index.html.erb within layouts/application (2.9ms)
  Rendered shared/_flashes.html.erb (0.9ms)
Completed 200 OK in 58ms (Views: 52.0ms | ActiveRecord: 1.0ms)


Started GET "/members/14" for ::1 at 2016-09-29 20:58:45 +0100
Processing by MembersController#show as HTML
  Parameters: {"id"=>"14"}
  [1m[36mUser Load (0.8ms)[0m  [1m[34mSELECT  "users".* FROM "users" WHERE "users"."id" = $1 ORDER BY "users"."id" ASC LIMIT $2[0m  [["id", 1], ["LIMIT", 1]]
  [1m[36mMember Load (0.8ms)[0m  [1m[34mSELECT  "members".* FROM "members" WHERE "members"."id" = $1 LIMIT $2[0m  [["id", 14], ["LIMIT", 1]]
  Rendering members/show.html.erb within layouts/application
  [1m[36mPartnership Load (0.4ms)[0m  [1m[34mSELECT "partnerships".* FROM "partnerships" WHERE "partnerships"."member_id" = $1[0m  [["member_id", 14]]
  [1m[36mSchool Load (0.3ms)[0m  [1m[34mSELECT  "schools".* FROM "schools" WHERE "schools"."id" = $1 LIMIT $2[0m  [["id", 5], ["LIMIT", 1]]
  [1m[36mSchool Load (0.3ms)[0m  [1m[34mSELECT  "schools".* FROM "schools" WHERE "schools"."id" = $1 LIMIT $2[0m  [["id", 6], ["LIMIT", 1]]
  [1m[36mSchool Load (0.4ms)[0m  [1m[34mSELECT "schools".* FROM "schools"[0m
  Rendered members/show.html.erb within layouts/application (14.6ms)
  Rendered shared/_flashes.html.erb (3.3ms)
Completed 200 OK in 89ms (Views: 79.2ms | ActiveRecord: 3.0ms)


Started GET "/schools/5" for ::1 at 2016-09-29 20:58:46 +0100
Processing by SchoolsController#show as HTML
  Parameters: {"id"=>"5"}
  [1m[36mUser Load (0.8ms)[0m  [1m[34mSELECT  "users".* FROM "users" WHERE "users"."id" = $1 ORDER BY "users"."id" ASC LIMIT $2[0m  [["id", 1], ["LIMIT", 1]]
  [1m[36mSchool Load (0.2ms)[0m  [1m[34mSELECT  "schools".* FROM "schools" WHERE "schools"."id" = $1 LIMIT $2[0m  [["id", 5], ["LIMIT", 1]]
  Rendering schools/show.html.erb within layouts/application
  [1m[36mMember Load (0.5ms)[0m  [1m[34mSELECT "members".* FROM "members" INNER JOIN "partnerships" ON "members"."id" = "partnerships"."member_id" WHERE "partnerships"."school_id" = $1[0m  [["school_id", 5]]
  Rendered schools/show.html.erb within layouts/application (4.5ms)
  Rendered shared/_flashes.html.erb (1.1ms)
Completed 200 OK in 72ms (Views: 64.1ms | ActiveRecord: 1.5ms)


Started GET "/members" for ::1 at 2016-09-29 20:58:48 +0100
Processing by MembersController#index as HTML
  [1m[36mUser Load (0.5ms)[0m  [1m[34mSELECT  "users".* FROM "users" WHERE "users"."id" = $1 ORDER BY "users"."id" ASC LIMIT $2[0m  [["id", 1], ["LIMIT", 1]]
  Rendering members/index.html.erb within layouts/application
  [1m[36mMember Load (0.6ms)[0m  [1m[34mSELECT "members".* FROM "members"[0m
  Rendered members/index.html.erb within layouts/application (2.9ms)
  Rendered shared/_flashes.html.erb (1.4ms)
Completed 200 OK in 54ms (Views: 48.2ms | ActiveRecord: 1.1ms)


Started GET "/members/11" for ::1 at 2016-09-29 20:58:52 +0100
Processing by MembersController#show as HTML
  Parameters: {"id"=>"11"}
  [1m[36mUser Load (0.5ms)[0m  [1m[34mSELECT  "users".* FROM "users" WHERE "users"."id" = $1 ORDER BY "users"."id" ASC LIMIT $2[0m  [["id", 1], ["LIMIT", 1]]
  [1m[36mMember Load (0.3ms)[0m  [1m[34mSELECT  "members".* FROM "members" WHERE "members"."id" = $1 LIMIT $2[0m  [["id", 11], ["LIMIT", 1]]
  Rendering members/show.html.erb within layouts/application
  [1m[36mPartnership Load (0.4ms)[0m  [1m[34mSELECT "partnerships".* FROM "partnerships" WHERE "partnerships"."member_id" = $1[0m  [["member_id", 11]]
  [1m[36mSchool Load (1.0ms)[0m  [1m[34mSELECT  "schools".* FROM "schools" WHERE "schools"."id" = $1 LIMIT $2[0m  [["id", 5], ["LIMIT", 1]]
  [1m[36mSchool Load (0.7ms)[0m  [1m[34mSELECT  "schools".* FROM "schools" WHERE "schools"."id" = $1 LIMIT $2[0m  [["id", 6], ["LIMIT", 1]]
  [1m[36mSchool Load (0.4ms)[0m  [1m[34mSELECT "schools".* FROM "schools"[0m
  Rendered members/show.html.erb within layouts/application (17.3ms)
  Rendered shared/_flashes.html.erb (0.8ms)
Completed 200 OK in 69ms (Views: 60.5ms | ActiveRecord: 3.3ms)


